<?xml version="1.0" encoding="UTF-8"?>
<testsuite name="com.yn.sodiumeditor.test.CodeFoldIntervalGuardTest" tests="3" skipped="0" failures="0" errors="0" timestamp="2026-05-03T07:58:58.364Z" hostname="localhost" time="0.006">
  <properties/>
  <testcase name="visibleLineCount_shouldUseVisibleIntervalEnd" classname="com.yn.sodiumeditor.test.CodeFoldIntervalGuardTest" time="0.003"/>
  <testcase name="rebuildFoldIntervals_shouldNotCallVisibleLineCount" classname="com.yn.sodiumeditor.test.CodeFoldIntervalGuardTest" time="0.001"/>
  <testcase name="codeFold_shouldNotAllocateLineCountSizedLookupArrays" classname="com.yn.sodiumeditor.test.CodeFoldIntervalGuardTest" time="0.002"/>
  <system-out><![CDATA[]]></system-out>
  <system-err><![CDATA[]]></system-err>
</testsuite>
