<?xml version="1.0" encoding="UTF-8"?>
<testsuite name="com.yn.sodiumeditor.test.ImeUnicodeGuardTest" tests="3" skipped="0" failures="0" errors="0" timestamp="2026-05-02T13:18:29.807Z" hostname="localhost" time="0.0">
  <properties/>
  <testcase name="editorActions_shouldDeleteWholeCodePoints" classname="com.yn.sodiumeditor.test.ImeUnicodeGuardTest" time="0.0"/>
  <testcase name="inputConnection_shouldHandleCodePointDeletion" classname="com.yn.sodiumeditor.test.ImeUnicodeGuardTest" time="0.0"/>
  <testcase name="ime_shouldNotAdvertisePasswordInputType" classname="com.yn.sodiumeditor.test.ImeUnicodeGuardTest" time="0.0"/>
  <system-out><![CDATA[]]></system-out>
  <system-err><![CDATA[]]></system-err>
</testsuite>
